epoch,acc,loss,val_acc,val_loss
0,0.4781613244142025,1.486207751780171,0.4812623333825162,1.6624742596459812
1,0.5995773159563227,1.1737763124857623,0.6411665291954477,1.069643523692077
2,0.6416696019683266,1.0494315942016526,0.6601859709139306,0.9796172586834139
3,0.6647411060232477,0.9641900161405229,0.6786418719026666,0.921225503767232
4,0.6813314547375836,0.9105531715515341,0.7028740500733697,0.8826064240322814
5,0.6965128566396619,0.872393157449395,0.6894899982319781,0.8972836206033385
6,0.7069390630503698,0.83588912312772,0.7068188225603265,0.865527097082249
7,0.7174709404740967,0.8097277349550651,0.631163711013274,1.1206000930206914
8,0.7243395561775552,0.7923559045951187,0.7083685551270125,0.8380463177547652
9,0.726452976400141,0.7789089963863584,0.7313327695339893,0.7512853379130666
10,0.737442761539951,0.755482445799494,0.6580726993683528,0.9616753891526091
11,0.7382176822866928,0.7405536109773825,0.6996337014643298,0.8340797553048331
12,0.7446636139485734,0.7278597841047829,0.7385178923304566,0.7417332415649273
13,0.747234941876745,0.7174823859116695,0.7402085086121362,0.7366988926004879
14,0.7493835857696372,0.7092131276918406,0.7435897422461618,0.743421541827645
15,0.7549137020077492,0.7028962806985176,0.733446040739473,0.7721964304862089
16,0.7568157802084963,0.6877867425231289,0.7403493937882748,0.7491198373849828
17,0.7606903839380064,0.6838544299922471,0.7585235270951022,0.680395349022552
18,0.7625220147897426,0.670929803248651,0.7573964481422283,0.6978710841951185
19,0.7669601972546533,0.6626124452897972,0.7400676242547426,0.7707897675548785
20,0.765480803095484,0.663231033807953,0.7617638760820246,0.6856673933968691
21,0.7695315251891233,0.6501056131887453,0.7449985903672818,0.7405027221346673
22,0.7705177879493058,0.6466600124959418,0.7619047606535514,0.6976058405972797
23,0.7759422331764985,0.6387162445841981,0.7564102550960655,0.7060977622035289
24,0.7737935892962032,0.6373425804044462,0.7407720481200634,0.733912377620615
25,0.7756956674843534,0.6316741256131887,0.7585235267927963,0.7064187721847631
26,0.7753786544599933,0.6295832176912246,0.7565511392897101,0.689062843017362
27,0.7767171539232403,0.6288562063181555,0.7659904178128037,0.6813808888392184
28,0.7809792180303202,0.6194637749996266,0.749788671757141,0.7329793573433528
29,0.7814019020739975,0.6142298207059634,0.7693716524923039,0.6414401347946537
30,0.780803099678788,0.6167693031972123,0.7681036895725148,0.6612776022495754
31,0.7867206762986688,0.6071094978187402,0.7452803598378336,0.722793025000057
32,0.7854878478295453,0.5981355301004432,0.760073258994196,0.6649157762596745
33,0.7850299401239594,0.6040496655482984,0.7696534213456478,0.6550596303063259
34,0.7860866502289539,0.5967125610981495,0.7673992654300804,0.6535563370101123
35,0.7894328989122652,0.5955425098060764,0.7662721872581634,0.6618809831121643
36,0.79186333216341,0.5858752752870436,0.7752888110212018,0.6584834381119236
37,0.7928495949319905,0.5879539225461744,0.7735981946513497,0.6484175050931897
38,0.7921098978555551,0.5803748972653587,0.7617638756915461,0.6625978500579917
39,0.7938710813708774,0.5829840950581254,0.7805015471711163,0.6297684005026282
40,0.7939415287030923,0.5707780705870521,0.7651451104970071,0.6568234515008741
41,0.7947164494498341,0.5799831225192643,0.7617638751625108,0.6899345957769344
42,0.7966889749911941,0.5722007461398704,0.7716258080425851,0.6604618960668728
43,0.7978865797774143,0.570212033606197,0.7826148184017921,0.6261904350862172
44,0.7961606199407963,0.568587710543307,0.7735981942356792,0.6434258883952817
45,0.7959140542402533,0.5693497281462511,0.7775429680956085,0.6293661942452016
46,0.7958788305741459,0.5693228342030072,0.7616229905028113,0.6679206473244289
47,0.8002113420218386,0.5599510189469913,0.7800788934061513,0.6309198580197328
48,0.8002817893582526,0.5614300085860854,0.7766976597469335,0.65019155321257
49,0.8007396970806343,0.5553651462310046,0.7652859942497888,0.6561852315092808
50,0.8005635787270027,0.5581692840986665,0.7713440387987627,0.6361233526958894
51,0.8028531172969217,0.5525037433194963,0.7712031534210868,0.6503729148093211
52,0.8021486438886932,0.5526889132063504,0.7936038299828189,0.595550466278475
53,0.8044381824628112,0.5457435308354301,0.7890955172699584,0.5958043081073416
54,0.8064811553321871,0.5450539734507162,0.7745843884784693,0.6465258659418619
55,0.8034166960239243,0.5452180424304276,0.7859960530812924,0.6206804649307631
56,0.8045086298013245,0.5477904692129503,0.7704987302989347,0.6414548594548681
57,0.806551602681198,0.5422959204331466,0.7865595908257685,0.6132845852605917
58,0.8051426558605421,0.5438167470951826,0.7831783579978918,0.62285979335068
59,0.8046143008101444,0.5415157708369245,0.7449985906066072,0.731537396574766
60,0.806868615705558,0.5373841903208847,0.7634544925904334,0.6637220205227424
61,0.811377245508982,0.5302424124313119,0.7834601270275809,0.6450691407787301
62,0.8077139837929127,0.5353147074385989,0.7785291610158105,0.6537817841425652
63,0.8082775625262137,0.5348356669828396,0.786982245787361,0.6337086613197903
64,0.8106375484283477,0.5297339355664255,0.7890955174463035,0.6291207038212507
65,0.8235646354308134,0.4906196708156845,0.8021977993258962,0.5747978700716946
66,0.8294469883761888,0.4717183394535363,0.8054381485773362,0.5682854903743793
67,0.8321239873152797,0.4695896924528785,0.8061425725434256,0.5692933389282488
68,0.8313490665727369,0.4701063465929317,0.8071287654258392,0.5662487566979667
69,0.8339908418457204,0.4624617621003427,0.8040293012245772,0.5698377600282947
70,0.8361394857344135,0.4615002996970248,0.806283457215721,0.5674606871193657
71,0.8345544205748224,0.4604535654717325,0.8054381481490696,0.5699843951018365
72,0.8358929200464674,0.45918184761515635,0.8037475313005665,0.5762905197207039
73,0.8346600915815428,0.4547194217073535,0.8065652262831984,0.5689174757982247
74,0.8365973934483973,0.45138706072466855,0.8045928399893357,0.5694488149107964
75,0.839485734409327,0.44722108523918735,0.8052972634263897,0.5664702958725739
76,0.835223670306446,0.4560215779008392,0.8058608026949914,0.5693410654565664
77,0.8381472349418809,0.44905419030757215,0.806565226711465,0.5631013473374604
78,0.8371257484987951,0.4501535443530699,0.8031839923216746,0.577472091658751
79,0.8379358929158433,0.44990892540866867,0.807833189467505,0.5636061637497815
80,0.8368791828066499,0.44806315995472,0.8069878810306574,0.5636871463626257
81,0.8384994716491444,0.44762534797086645,0.8040293012749614,0.5638263918804233
82,0.8355406833434029,0.4468697352575643,0.804592839888567,0.5666283261289132
83,0.8385346953152518,0.44513048065846633,0.8043110708966662,0.5733189163784657
84,0.8370553011581822,0.4483253771274516,0.8062834569134152,0.5684631916608532
85,0.8422331806974287,0.44110840140366564,0.8033248770821427,0.5709093273188274
86,0.839098274040155,0.4442141857952163,0.8043110704432074,0.5745631178190722
87,0.8404015498414935,0.437975939170875,0.8069878809046968,0.5687982441648047
88,0.8401549841451493,0.4382074320387698,0.8069878810810418,0.5663737145284803
89,0.839485734409327,0.4407507773183021,0.802479568620103,0.5635636059405158
90,0.8414934836209933,0.43526712705621673,0.8033248774852172,0.5625748299810144
91,0.8452976400140895,0.43234683140330266,0.8052972639302328,0.5627347013463573
92,0.8420570623416974,0.43277645149714683,0.8041701860228334,0.5617140540420152
93,0.8425149700598802,0.4366723678006216,0.8045928402160651,0.5633064961306505
94,0.8412469179288482,0.43625376303773733,0.8045928402412572,0.5631131918066428
95,0.8457907713983797,0.4271664126662983,0.8040293010734242,0.5632415924336216
96,0.8426206410666006,0.43003104742079734,0.80459284003972,0.5628389438633143
97,0.8456851003916593,0.42785239029871236,0.8044519552414637,0.5637307971974147
98,0.8449101796365196,0.42573673486415664,0.8051563790564001,0.5642662658745822
99,0.8438886932018317,0.42873749391803356,0.8064243416864794,0.5633665029320075
100,0.8438886931976326,0.4297280797386472,0.806846996030864,0.5625476587488176
101,0.8441352588897778,0.43089407294432264,0.806846996030864,0.5614892395035327
102,0.843923916876337,0.4308996142783439,0.8061425722411196,0.563600439551528
103,0.8408946812299827,0.433079844929459,0.8052972638546564,0.5641282822910006
104,0.8445931666079606,0.4297143198531377,0.806142572442657,0.5637519778376752
105,0.8432194434618102,0.43237201345978843,0.8058608028209522,0.5628941154630188
106,0.8421275096907084,0.4310702026793133,0.8061425723922726,0.5634947268186816
107,0.8435012328284607,0.4335860081255835,0.8055790333504004,0.5635268675086237
108,0.8435716801690736,0.4293359266657693,0.8058608026697992,0.5642386879236615
109,0.8455794293723421,0.4304509892078217,0.8061425723922726,0.5634496731326198
110,0.8415639309616062,0.4293460904869575,0.8067061113081841,0.5625524100692453
111,0.8448749559662131,0.4276687486107058,0.8068469959552874,0.5639104432916853
112,0.8443818245861219,0.42759531879454443,0.8072696501737112,0.5637049419192923
113,0.8475167312391966,0.43141331310295733,0.8069878807031594,0.5636999166585561
114,0.8401197604748429,0.4300981159737598,0.8067061112074154,0.5636166575453728
115,0.843923916876337,0.4307618739488218,0.8060016874932477,0.5640782016870312
116,0.8461782317759496,0.4340052176210485,0.807269650299672,0.5637130277327381
117,0.8461782317717507,0.4244772774693873,0.807128765526608,0.564000000032523
118,0.841070799581515,0.42946154710775364,0.8064243417368636,0.5629634188585746
119,0.8460021134160194,0.42730209407734177,0.806987880778736,0.5617263815613717
120,0.8442761535710035,0.429482876362201,0.8069878807535438,0.5620121273132622
121,0.8451567453328637,0.4277019374815248,0.8058608027453757,0.5630461601469593
122,0.8437477985164069,0.43267439439205185,0.8069878806023908,0.5631767947821927
123,0.8461782317675516,0.4309625066661969,0.806846996030864,0.5624160153904673
124,0.8438534695357242,0.4294909492770145,0.8061425722411196,0.563080341653585
125,0.8450510743261433,0.42817648597988034,0.807269650299672,0.5624134308632561
126,0.8451919690031702,0.4271584356322428,0.8065652266610808,0.5630509979622982
127,0.843994364212751,0.4289924132079673,0.8076923045684802,0.5623944139459177
128,0.8433603381430359,0.43032987799683103,0.806706111282992,0.5633671415162006
129,0.8456146530468475,0.4258114091860404,0.806846996030864,0.5618349130683447
130,0.8455794293765411,0.42401237499970035,0.8072696503752486,0.5637345108268932
131,0.8452271926776755,0.4270810888702914,0.806846995879711,0.5634688601497677
132,0.8458259950686862,0.4258098011917109,0.8067061113081841,0.56182317000232
133,0.8426206410707996,0.42519193699595875,0.8062834569889916,0.5627744417631289
134,0.8428319830926383,0.4307400570154274,0.8069878808543124,0.5634551100143163
135,0.8455442057062346,0.42990706876975293,0.8064243417116715,0.5634998443622271
136,0.842655864736907,0.425553305989296,0.80656522653512,0.5629279581390617
137,0.8423740753828535,0.43266891540461505,0.8058608025942228,0.563190587858464
138,0.8445227192715467,0.4304869689585332,0.8065652265603122,0.5627304619691467
139,0.8450158506474389,0.42710191297799865,0.8067061112577998,0.5620370772553077
140,0.8426910884072135,0.4287246649693166,0.8068469959552874,0.5638673373538172
141,0.8460725607608313,0.432922828572239,0.80656522653512,0.5623835625996088
142,0.8467418104924548,0.42642867358144887,0.80656522653512,0.5613573403196096
143,0.8449101796365196,0.42618257088239614,0.807128765526608,0.5625119589336866
144,0.8426910884114125,0.4278988435140123,0.8064243417368636,0.5638015025743265
145,0.8425854174046922,0.4326506310090417,0.8064243417620558,0.5621970099611924
146,0.8441000352194713,0.43068686772417375,0.8062834570897603,0.5635320973548714
147,0.8449806269771325,0.4268988950838712,0.806142572291504,0.5632431431313691
148,0.843677351179993,0.42835362988401776,0.8074105351483126,0.5627976780078694
149,0.8408594575554773,0.43268589837927346,0.8067061110814546,0.563993106547362
150,0.8452271926734766,0.4260501964353012,0.8065652265603122,0.5625958612892503
151,0.8453328636843959,0.4305508997494715,0.8071287655769922,0.562650298957169
152,0.8426206410666006,0.42851860869640446,0.8068469959300953,0.5617909339104644
153,0.8454737583614227,0.4292337266984814,0.806846996030864,0.5628670976620832
154,0.8460373370905249,0.42833923390735495,0.8058608028461444,0.5634669582040654
155,0.8441704825642832,0.43258836561103403,0.8062834570897603,0.5620256847106014
156,0.8439239168679391,0.430460455932849,0.8065652264595434,0.56227798217991
157,0.8427967594223318,0.43135198445839124,0.8071287654258392,0.562730214077529
158,0.8415639309616062,0.43092240960970024,0.8062834569889916,0.5636341203608733
159,0.8443466009200145,0.42790894842811267,0.8065652265099278,0.5638438568309592
160,0.8449101796407186,0.4259425232195443,0.8064243417620558,0.5630498631233043
161,0.8456851003916593,0.4298822581369132,0.8062834569134152,0.5636709504717503
162,0.8437830221951113,0.4350492343973131,0.8072696503500564,0.5622740549949373
163,0.8435364564987672,0.42680489204537914,0.8065652264595434,0.5625227533748479
164,0.8445579429376541,0.43426404400751933,0.8064243417368636,0.5631728775213557
165,0.844945403306826,0.43091052949281594,0.806846996056056,0.5633540958408597
166,0.8442761535710035,0.425877101638024,0.8057199179471194,0.562952422028343
167,0.8441704825684822,0.4270967878981265,0.806283457039376,0.5638867388916338
168,0.845966889749912,0.4257423145034524,0.8068469961568248,0.5629251657261664
169,0.8454385346953153,0.42851382826952583,0.8057199179471194,0.563245730513954
170,0.8455442057104335,0.42961185257297957,0.806565226686273,0.5627101733335881
171,0.8444522719225358,0.4290283901479808,0.806142572291504,0.5638932618993513
172,0.8427615357520254,0.4314969757569848,0.8065652263587748,0.5621097334963683
173,0.8448749559704121,0.42503701498828417,0.807128765526608,0.5615093988332573
174,0.8428319830968373,0.43243426028251986,0.8068469960056718,0.5616324483554744
175,0.8425501937343857,0.4325862806651239,0.8061425723166962,0.56301779793662
176,0.8464952448087076,0.42797537922187356,0.8067061113081841,0.5634803192253875
177,0.8453680873505034,0.42864979263992115,0.8067061111822234,0.563289784139852
178,0.8435364564987672,0.42997619661595377,0.8068469960056718,0.5627743210407353
179,0.8446988376188799,0.4254233236840259,0.8057199178463508,0.5635959958564726
180,0.8435364564987672,0.4301319980230832,0.8058608027201836,0.5632321495202229
181,0.8415639309574072,0.43094986092460624,0.8069878807283516,0.5622100593515893
182,0.8460373370863259,0.4276236017160157,0.8064243417620558,0.5613501666984438
183,0.8411764705840363,0.4296093333351146,0.806424341636095,0.5624355881711876
184,0.8435716801648746,0.4295841851529205,0.8075514198961846,0.562897601046002
185,0.844628390274068,0.42941706078327135,0.806706111282992,0.5638151824764045
186,0.8455442057020356,0.4275204321035578,0.8062834568378388,0.5626974080619186
187,0.8433251144769285,0.42860646875927505,0.8064243416612872,0.5631237107400711
188,0.8429024304332512,0.4303689994959816,0.8065652263587748,0.5634228669757233
189,0.8474815075730892,0.42271975326722844,0.8062834569386074,0.5633221240281202
190,0.8447692849636917,0.4304454591459857,0.8071287656021844,0.5621805338965239
191,0.8415287072912998,0.430485826125024,0.8061425723166962,0.5623152383523643
192,0.8428672067629447,0.4260954779527186,0.8062834569637995,0.5628308495994743
193,0.8439591405466436,0.4297343161627624,0.806987880627583,0.5615040368399727
194,0.8465656921493205,0.4286172215138241,0.8060016874932477,0.562856230658061
195,0.8449101796365196,0.4263340852469699,0.806706111282992,0.5632587074351734
196,0.8433251144811275,0.4296952164227713,0.8069878807535438,0.5625029965780127
197,0.8431489961211973,0.4313035434402602,0.8064243418376322,0.5641764918025757
198,0.8425149700598802,0.4291747615638859,0.8062834569637995,0.5626994150880463
199,0.8420570623458964,0.4326824080793423,0.8060016875688242,0.5623233824085038
200,0.8455794293723421,0.429807734837957,0.8067061113333762,0.5635625686990893
201,0.8419866150010845,0.4286646405736843,0.8071287655014158,0.5627315962625729
202,0.8486438886890029,0.4242838832600598,0.8065652265603122,0.5628008166192665
203,0.8432546671405146,0.4304660760545949,0.8064243417620558,0.5635269598300087
204,0.8450158506474389,0.42766302408320506,0.8068469960056718,0.5634400209519045
205,0.8451215216667562,0.42883114441468206,0.80656522653512,0.5633352169450546
206,0.8431489961211973,0.43183383529729596,0.806846996030864,0.562510492939058
207,0.8437125748544984,0.42892965009910367,0.8068469959300953,0.5621431215807153
208,0.8432194434660092,0.43358553140730915,0.80656522653512,0.5623292465090424
209,0.8416343782980201,0.43120188621955674,0.8062834570645682,0.5636292626728585
210,0.842972877769665,0.4271741739038264,0.8067061113081841,0.5623719645664096
211,0.8429024304290521,0.4321813792168737,0.807269650299672,0.563821299327498
212,0.8457555477238743,0.42557394811493193,0.8068469959049032,0.5627033459172219
213,0.8432546671321166,0.43523186431379546,0.8075514198458004,0.5619118241538134
214,0.8428319830926383,0.43026836371563004,0.8060016875184398,0.5630931169792871
215,0.8425854173962941,0.43054578485267186,0.8061425721655432,0.5627233362666135
216,0.8432194434702082,0.43294777370918464,0.8067061112577998,0.5642163310883314
217,0.843677351175794,0.4280508057316998,0.8068469959804796,0.5633105053578205
218,0.8419161676604716,0.4290832858116705,0.80586080279576,0.5644651638251034
219,0.8420570623416974,0.4345864434379136,0.8067061112326076,0.5626830989731096
220,0.8458964424092991,0.4257089125203095,0.806283457039376,0.5634608554778997
221,0.8457555477280733,0.42543510426073355,0.807410535047544,0.5613969161804208
222,0.8447692849636917,0.42997496315777073,0.806706111282992,0.5626898128366128
223,0.8451567453286647,0.42875237387643395,0.8065652265603122,0.563118110073924
224,0.8459316660754065,0.42508202134912054,0.8062834569386074,0.5642890318840843
225,0.8423036280380416,0.43140636612912137,0.806987880803928,0.5630819072343869
226,0.8461782317675516,0.4248807661022759,0.8064243417368636,0.5638122789920736
227,0.8424445227150683,0.43251980365099474,0.8060016875688242,0.5633499463091172
228,0.8423740753786545,0.43413254734746753,0.8062834569134152,0.5631163954759995
229,0.8425149700640793,0.4299615091276488,0.8068469960812482,0.5636502254781072
230,0.844557942941853,0.43035047945106225,0.807551419795416,0.5636947678208402
231,0.8468122578330677,0.4258668049093954,0.8067061113585684,0.5638166072676848
232,0.8459316660838044,0.4260877083791482,0.8058608027453757,0.5628621112980383
